2014/12/04 23:39:37 INFO  - jmeter.util.JMeterUtils: Setting Locale to en_IN 
2014/12/04 23:39:37 INFO  - jmeter.JMeter: Loading user properties from: /home/nachiket/jmeter-sample/jmeter-sample/bin/user.properties 
2014/12/04 23:39:37 INFO  - jmeter.JMeter: Loading system properties from: /home/nachiket/jmeter-sample/jmeter-sample/bin/system.properties 
2014/12/04 23:39:37 INFO  - jmeter.JMeter: Copyright (c) 1998-2014 The Apache Software Foundation 
2014/12/04 23:39:37 INFO  - jmeter.JMeter: Version 2.11.20141204 
2014/12/04 23:39:37 INFO  - jmeter.JMeter: java.version=1.7.0_55 
2014/12/04 23:39:37 INFO  - jmeter.JMeter: java.vm.name=OpenJDK 64-Bit Server VM 
2014/12/04 23:39:37 INFO  - jmeter.JMeter: os.name=Linux 
2014/12/04 23:39:37 INFO  - jmeter.JMeter: os.arch=amd64 
2014/12/04 23:39:37 INFO  - jmeter.JMeter: os.version=3.13.0-24-generic 
2014/12/04 23:39:37 INFO  - jmeter.JMeter: file.encoding=UTF-8 
2014/12/04 23:39:37 INFO  - jmeter.JMeter: Default Locale=English (India) 
2014/12/04 23:39:37 INFO  - jmeter.JMeter: JMeter  Locale=English (India) 
2014/12/04 23:39:37 INFO  - jmeter.JMeter: JMeterHome=/home/nachiket/jmeter-sample/jmeter-sample 
2014/12/04 23:39:37 INFO  - jmeter.JMeter: user.dir  =/home/nachiket/jmeter-sample/jmeter-sample 
2014/12/04 23:39:37 INFO  - jmeter.JMeter: PWD       =/home/nachiket/jmeter-sample/jmeter-sample 
2014/12/04 23:39:37 INFO  - jmeter.JMeter: IP: 127.0.1.1 Name: nachiket-X550LD FullName: nachiket-X550LD 
2014/12/04 23:39:37 INFO  - jmeter.JMeter: Loaded icon properties from org/apache/jmeter/images/icon.properties 
2014/12/04 23:39:38 INFO  - jmeter.engine.util.CompoundVariable: Note: Function class names must contain the string: '.functions.' 
2014/12/04 23:39:38 INFO  - jmeter.engine.util.CompoundVariable: Note: Function class names must not contain the string: '.gui.' 
2014/12/04 23:39:38 INFO  - jmeter.gui.action.LookAndFeelCommand: Using look and feel: javax.swing.plaf.metal.MetalLookAndFeel [Metal, CrossPlatform] 
2014/12/04 23:39:40 INFO  - jmeter.util.BSFTestElement: Registering JMeter version of JavaScript engine as work-round for BSF-22 
2014/12/04 23:39:41 INFO  - jmeter.protocol.http.sampler.HTTPSamplerBase: Cannot find .className property for htmlParser, using default 
2014/12/04 23:39:41 INFO  - jmeter.protocol.http.sampler.HTTPSamplerBase: Parser for text/html is  
2014/12/04 23:39:41 INFO  - jmeter.protocol.http.sampler.HTTPSamplerBase: Parser for application/xhtml+xml is  
2014/12/04 23:39:41 INFO  - jmeter.protocol.http.sampler.HTTPSamplerBase: Parser for application/xml is  
2014/12/04 23:39:41 INFO  - jmeter.protocol.http.sampler.HTTPSamplerBase: Parser for text/xml is  
2014/12/04 23:39:41 INFO  - jmeter.protocol.http.sampler.HTTPSamplerBase: Parser for text/vnd.wap.wml is org.apache.jmeter.protocol.http.parser.RegexpHTMLParser 
2014/12/04 23:39:41 INFO  - jmeter.gui.util.MenuFactory: Skipping org.apache.jmeter.protocol.http.control.gui.WebServiceSamplerGui 
2014/12/04 23:39:41 INFO  - jmeter.gui.util.MenuFactory: Skipping org.apache.jmeter.protocol.http.modifier.gui.ParamModifierGui 
2014/12/04 23:39:41 INFO  - jorphan.exec.KeyToolUtils: keytool found at 'keytool' 
2014/12/04 23:39:41 INFO  - jmeter.protocol.http.proxy.ProxyControl: HTTP(S) Test Script Recorder SSL Proxy will use keys that support embedded 3rd party resources in file /home/nachiket/jmeter-sample/jmeter-sample/bin/proxyserver.jks 
2014/12/04 23:39:42 INFO  - jmeter.samplers.SampleResult: Note: Sample TimeStamps are START times 
2014/12/04 23:39:42 INFO  - jmeter.samplers.SampleResult: sampleresult.default.encoding is set to ISO-8859-1 
2014/12/04 23:39:42 INFO  - jmeter.samplers.SampleResult: sampleresult.useNanoTime=true 
2014/12/04 23:39:42 INFO  - jmeter.samplers.SampleResult: sampleresult.nanoThreadSleep=5000 
2014/12/04 23:39:48 ERROR - jmeter.gui.action.AddToTree:  java.lang.NullPointerException
	at org.apache.jmeter.threads.AbstractThreadGroup.addTestElement(AbstractThreadGroup.java:119)
	at org.apache.jmeter.threads.AbstractThreadGroup.addTestElementOnce(AbstractThreadGroup.java:128)
	at org.apache.jmeter.threads.gui.CustomThreadGroupGui.createTestElement(CustomThreadGroupGui.java:87)
	at org.apache.jmeter.gui.GuiPackage.createTestElement(GuiPackage.java:319)
	at org.apache.jmeter.gui.action.AddToTree.doAction(AddToTree.java:70)
	at org.apache.jmeter.gui.action.ActionRouter.performAction(ActionRouter.java:81)
	at org.apache.jmeter.gui.action.ActionRouter.access$000(ActionRouter.java:40)
	at org.apache.jmeter.gui.action.ActionRouter$1.run(ActionRouter.java:63)
	at java.awt.event.InvocationEvent.dispatch(InvocationEvent.java:251)
	at java.awt.EventQueue.dispatchEventImpl(EventQueue.java:733)
	at java.awt.EventQueue.access$200(EventQueue.java:103)
	at java.awt.EventQueue$3.run(EventQueue.java:694)
	at java.awt.EventQueue$3.run(EventQueue.java:692)
	at java.security.AccessController.doPrivileged(Native Method)
	at java.security.ProtectionDomain$1.doIntersectionPrivilege(ProtectionDomain.java:76)
	at java.awt.EventQueue.dispatchEvent(EventQueue.java:703)
	at java.awt.EventDispatchThread.pumpOneEventForFilters(EventDispatchThread.java:242)
	at java.awt.EventDispatchThread.pumpEventsForFilter(EventDispatchThread.java:161)
	at java.awt.EventDispatchThread.pumpEventsForHierarchy(EventDispatchThread.java:150)
	at java.awt.EventDispatchThread.pumpEvents(EventDispatchThread.java:146)
	at java.awt.EventDispatchThread.pumpEvents(EventDispatchThread.java:138)
	at java.awt.EventDispatchThread.run(EventDispatchThread.java:91)

